TN:
SF:test/mockapi/MockGitHubAPI.ts
FN:40,(anonymous_0)
FN:54,(anonymous_1)
FN:63,(anonymous_2)
FN:72,(anonymous_3)
FN:79,(anonymous_4)
FN:86,(anonymous_5)
FN:110,(anonymous_6)
FN:142,(anonymous_7)
FN:172,(anonymous_8)
FN:180,(anonymous_9)
FN:312,(anonymous_10)
FN:320,(anonymous_11)
FNF:12
FNH:10
FNDA:18,(anonymous_0)
FNDA:0,(anonymous_1)
FNDA:0,(anonymous_2)
FNDA:8,(anonymous_3)
FNDA:5,(anonymous_4)
FNDA:1,(anonymous_5)
FNDA:1,(anonymous_6)
FNDA:5,(anonymous_7)
FNDA:4,(anonymous_8)
FNDA:24,(anonymous_9)
FNDA:11,(anonymous_10)
FNDA:5,(anonymous_11)
DA:1,2
DA:37,2
DA:41,18
DA:42,18
DA:55,0
DA:56,0
DA:57,0
DA:64,0
DA:65,0
DA:66,0
DA:73,8
DA:80,5
DA:87,1
DA:111,1
DA:143,5
DA:145,5
DA:146,3
DA:147,3
DA:149,3
DA:155,2
DA:156,1
DA:157,1
DA:159,1
DA:166,1
DA:173,4
DA:174,4
DA:181,24
DA:313,11
DA:314,11
DA:321,5
DA:322,5
DA:323,3
DA:324,3
DA:326,2
LF:34
LH:28
BRDA:40,0,0,1
BRDA:55,1,0,0
BRDA:55,1,1,0
BRDA:64,2,0,0
BRDA:64,2,1,0
BRDA:73,3,0,8
BRDA:73,3,1,1
BRDA:80,4,0,5
BRDA:80,4,1,1
BRDA:90,5,0,1
BRDA:90,5,1,0
BRDA:91,6,0,1
BRDA:91,6,1,0
BRDA:113,7,0,1
BRDA:113,7,1,0
BRDA:122,8,0,1
BRDA:122,8,1,0
BRDA:145,9,0,3
BRDA:145,9,1,2
BRDA:155,10,0,1
BRDA:155,10,1,1
BRDA:174,11,0,4
BRDA:174,11,1,0
BRDA:322,12,0,3
BRDA:322,12,1,2
BRF:25
BRH:16
end_of_record
TN:
SF:test/mockrunner/MockTestRunner.ts
FN:25,(anonymous_0)
FN:33,(anonymous_1)
FN:51,(anonymous_2)
FN:74,(anonymous_3)
FN:146,(anonymous_4)
FN:178,(anonymous_5)
FN:189,(anonymous_6)
FN:212,(anonymous_7)
FN:259,(anonymous_8)
FN:260,(anonymous_9)
FNF:10
FNH:10
FNDA:17,(anonymous_0)
FNDA:17,(anonymous_1)
FNDA:17,(anonymous_2)
FNDA:17,(anonymous_3)
FNDA:255,(anonymous_4)
FNDA:17,(anonymous_5)
FNDA:17,(anonymous_6)
FNDA:17,(anonymous_7)
FNDA:255,(anonymous_8)
FNDA:7905,(anonymous_9)
DA:1,3
DA:2,3
DA:21,3
DA:26,17
DA:27,17
DA:34,17
DA:37,17
DA:40,17
DA:43,17
DA:45,17
DA:52,17
DA:53,17
DA:56,17
DA:58,17
DA:59,255
DA:60,255
DA:61,255
DA:65,17
DA:68,17
DA:85,17
DA:86,17
DA:89,17
DA:90,209
DA:102,17
DA:103,34
DA:115,17
DA:116,12
DA:128,17
DA:129,0
DA:140,17
DA:147,255
DA:151,255
DA:179,17
DA:183,17
DA:190,17
DA:206,17
DA:214,17
DA:216,17
DA:219,17
DA:224,17
DA:227,17
DA:236,17
DA:239,17
DA:253,17
DA:260,255
DA:261,7905
DA:262,7905
DA:263,7905
LF:48
LH:47
BRDA:147,0,0,209
BRDA:147,0,1,46
BRDA:262,1,0,7650
BRDA:262,1,1,255
BRF:4
BRH:4
end_of_record
TN:
SF:test/mockrunner/scenarios.ts
FN:147,getScenario
FN:158,getAllScenarios
FN:165,getScenariosByCategory
FN:166,(anonymous_3)
FNF:4
FNH:1
FNDA:16,getScenario
FNDA:0,getAllScenarios
FNDA:0,getScenariosByCategory
FNDA:0,(anonymous_3)
DA:7,3
DA:147,3
DA:148,16
DA:149,16
DA:150,0
DA:152,16
DA:158,3
DA:159,0
DA:165,3
DA:166,0
DA:167,0
DA:169,0
DA:171,0
DA:173,0
DA:175,0
LF:15
LH:7
BRDA:149,0,0,0
BRDA:149,0,1,16
BRDA:167,1,0,0
BRDA:167,1,1,0
BRDA:167,1,2,0
BRDA:167,1,3,0
BRDA:171,2,0,0
BRDA:171,2,1,0
BRF:8
BRH:1
end_of_record
TN:
SF:test/mockserver/MockSlackServer.ts
FN:25,(anonymous_0)
FN:33,(anonymous_1)
FN:34,(anonymous_2)
FN:40,(anonymous_3)
FN:43,(anonymous_4)
FN:47,(anonymous_5)
FN:69,(anonymous_6)
FN:86,(anonymous_7)
FN:96,(anonymous_8)
FN:105,(anonymous_9)
FN:106,(anonymous_10)
FN:112,(anonymous_11)
FN:124,(anonymous_12)
FN:131,(anonymous_13)
FN:138,(anonymous_14)
FN:145,(anonymous_15)
FN:152,(anonymous_16)
FN:160,(anonymous_17)
FN:161,(anonymous_18)
FN:162,(anonymous_19)
FN:167,(anonymous_20)
FN:187,(anonymous_21)
FNF:22
FNH:17
FNDA:3,(anonymous_0)
FNDA:3,(anonymous_1)
FNDA:3,(anonymous_2)
FNDA:0,(anonymous_3)
FNDA:0,(anonymous_4)
FNDA:0,(anonymous_5)
FNDA:0,(anonymous_6)
FNDA:3,(anonymous_7)
FNDA:0,(anonymous_8)
FNDA:3,(anonymous_9)
FNDA:3,(anonymous_10)
FNDA:3,(anonymous_11)
FNDA:3,(anonymous_12)
FNDA:5,(anonymous_13)
FNDA:1,(anonymous_14)
FNDA:28,(anonymous_15)
FNDA:9,(anonymous_16)
FNDA:2,(anonymous_17)
FNDA:2,(anonymous_18)
FNDA:1,(anonymous_19)
FNDA:1,(anonymous_20)
FNDA:15,(anonymous_21)
DA:1,2
DA:2,2
DA:19,2
DA:20,3
DA:22,3
DA:23,3
DA:26,3
DA:27,3
DA:34,3
DA:35,3
DA:36,0
DA:37,0
DA:40,3
DA:41,0
DA:43,0
DA:44,0
DA:47,0
DA:48,0
DA:49,0
DA:50,0
DA:53,0
DA:54,0
DA:56,0
DA:57,0
DA:60,0
DA:66,0
DA:69,0
DA:70,0
DA:74,0
DA:75,0
DA:78,0
DA:79,0
DA:80,0
DA:86,3
DA:87,3
DA:88,3
DA:89,3
DA:91,3
DA:92,3
DA:93,3
DA:96,3
DA:97,0
DA:106,3
DA:107,3
DA:108,0
DA:109,0
DA:112,3
DA:113,3
DA:114,3
DA:115,3
DA:116,3
DA:125,3
DA:132,5
DA:139,1
DA:146,28
DA:153,9
DA:154,9
DA:161,2
DA:162,2
DA:163,1
DA:164,1
DA:167,2
DA:168,1
DA:169,1
DA:170,1
DA:173,2
DA:176,2
DA:177,0
DA:178,0
DA:179,0
DA:188,15
DA:189,5
DA:193,10
DA:194,1
DA:198,9
DA:199,0
DA:203,9
DA:204,1
DA:207,8
LF:79
LH:50
BRDA:25,0,0,0
BRDA:35,1,0,0
BRDA:35,1,1,3
BRDA:53,2,0,0
BRDA:53,2,1,0
BRDA:56,3,0,0
BRDA:56,3,1,0
BRDA:88,4,0,3
BRDA:88,4,1,0
BRDA:88,5,0,3
BRDA:88,5,1,3
BRDA:107,6,0,0
BRDA:107,6,1,3
BRDA:107,7,0,3
BRDA:107,7,1,3
BRDA:139,8,0,1
BRDA:139,8,1,0
BRDA:160,9,0,0
BRDA:176,10,0,0
BRDA:176,10,1,2
BRDA:188,11,0,5
BRDA:188,11,1,10
BRDA:188,12,0,15
BRDA:188,12,1,13
BRDA:188,12,2,11
BRDA:193,13,0,1
BRDA:193,13,1,9
BRDA:198,14,0,0
BRDA:198,14,1,9
BRDA:198,15,0,9
BRDA:198,15,1,9
BRDA:203,16,0,1
BRDA:203,16,1,8
BRDA:203,17,0,9
BRDA:203,17,1,2
BRF:35
BRH:23
end_of_record
TN:
SF:test/mockservice/MockCloudService.ts
FN:32,(anonymous_0)
FN:51,(anonymous_1)
FN:52,(anonymous_2)
FN:67,(anonymous_3)
FN:68,(anonymous_4)
FN:83,(anonymous_5)
FN:86,(anonymous_6)
FN:87,(anonymous_7)
FN:99,(anonymous_8)
FN:102,(anonymous_9)
FN:103,(anonymous_10)
FN:118,(anonymous_11)
FN:121,(anonymous_12)
FN:122,(anonymous_13)
FN:134,(anonymous_14)
FN:137,(anonymous_15)
FN:138,(anonymous_16)
FN:150,(anonymous_17)
FN:157,(anonymous_18)
FN:165,(anonymous_19)
FN:180,(anonymous_20)
FN:195,(anonymous_21)
FN:223,(anonymous_22)
FN:294,(anonymous_23)
FNF:24
FNH:24
FNDA:25,(anonymous_0)
FNDA:24,(anonymous_1)
FNDA:24,(anonymous_2)
FNDA:24,(anonymous_3)
FNDA:24,(anonymous_4)
FNDA:4,(anonymous_5)
FNDA:4,(anonymous_6)
FNDA:4,(anonymous_7)
FNDA:16,(anonymous_8)
FNDA:16,(anonymous_9)
FNDA:16,(anonymous_10)
FNDA:7,(anonymous_11)
FNDA:7,(anonymous_12)
FNDA:7,(anonymous_13)
FNDA:2,(anonymous_14)
FNDA:2,(anonymous_15)
FNDA:2,(anonymous_16)
FNDA:14,(anonymous_17)
FNDA:12,(anonymous_18)
FNDA:3,(anonymous_19)
FNDA:23,(anonymous_20)
FNDA:2,(anonymous_21)
FNDA:8,(anonymous_22)
FNDA:4,(anonymous_23)
DA:1,2
DA:27,2
DA:30,25
DA:33,25
DA:34,25
DA:45,25
DA:52,24
DA:53,24
DA:54,0
DA:55,0
DA:58,24
DA:59,24
DA:60,24
DA:68,24
DA:69,24
DA:70,0
DA:71,0
DA:74,24
DA:75,24
DA:76,24
DA:84,4
DA:86,4
DA:87,4
DA:88,4
DA:100,16
DA:102,16
DA:103,16
DA:105,16
DA:107,16
DA:119,7
DA:121,7
DA:122,7
DA:123,7
DA:135,2
DA:137,2
DA:138,2
DA:139,2
DA:151,14
DA:158,12
DA:159,12
DA:166,3
DA:168,3
DA:169,7
DA:170,2
DA:174,1
DA:181,23
DA:196,2
DA:224,8
DA:225,8
DA:228,8
DA:229,8
DA:230,0
DA:233,8
DA:235,8
DA:236,1
DA:240,7
DA:241,4
DA:242,3
DA:243,3
DA:245,3
DA:246,3
DA:251,0
DA:257,1
DA:259,1
DA:260,1
DA:265,0
DA:272,3
DA:273,2
DA:275,2
DA:276,2
DA:281,0
DA:288,1
DA:295,4
LF:73
LH:65
BRDA:32,0,0,1
BRDA:53,1,0,0
BRDA:53,1,1,24
BRDA:69,2,0,0
BRDA:69,2,1,24
BRDA:169,3,0,2
BRDA:169,3,1,5
BRDA:169,4,0,7
BRDA:169,4,1,5
BRDA:229,5,0,0
BRDA:229,5,1,8
BRDA:229,6,0,8
BRDA:229,6,1,8
BRDA:235,7,0,1
BRDA:235,7,1,7
BRDA:240,8,0,4
BRDA:240,8,1,3
BRDA:241,9,0,3
BRDA:241,9,1,1
BRDA:245,10,0,3
BRDA:245,10,1,0
BRDA:251,11,0,0
BRDA:251,11,1,0
BRDA:259,12,0,1
BRDA:259,12,1,0
BRDA:265,13,0,0
BRDA:265,13,1,0
BRDA:272,14,0,2
BRDA:272,14,1,1
BRDA:275,15,0,2
BRDA:275,15,1,0
BRDA:281,16,0,0
BRDA:281,16,1,0
BRF:33
BRH:21
end_of_record
